Arguments: 
  C:\Program Files\nodejs\node.exe C:\Users\kahoul\AppData\Roaming\npm\node_modules\yarn\bin\yarn.js add node-fetch

PATH: 
  C:\Windows\system32;C:\Windows;C:\Windows\System32\Wbem;C:\Windows\System32\WindowsPowerShell\v1.0\;C:\Windows\System32\OpenSSH\;C:\Program Files\Git\cmd;C:\Program Files\nodejs\;C:\Users\kahoul\AppData\Local\Microsoft\WindowsApps;C:\Users\kahoul\AppData\Roaming\npm;C:\Users\kahoul\AppData\Local\Programs\Microsoft VS Code\bin

Yarn version: 
  1.22.10

Node version: 
  12.16.2

Platform: 
  win32 x64

Trace: 
  Error: ENOENT: no such file or directory, copyfile 'C:\Users\kahoul\AppData\Local\Yarn\Cache\v6\npm-js-tokens-4.0.0-19203fb59991df98e3a287050d4647cdeaf32499-integrity\node_modules\js-tokens\CHANGELOG.md' -> 'D:\js++\react-hooks+redux+eggjs+typescript驾照考题\api\node_modules\@babel\template\node_modules\js-tokens\CHANGELOG.md'

npm manifest: 
  {
    "name": "api",
    "version": "1.0.0",
    "description": "",
    "private": true,
    "egg": {
      "typescript": true,
      "declarations": true
    },
    "scripts": {
      "start": "egg-scripts start --daemon --title=egg-server-api",
      "stop": "egg-scripts stop --title=egg-server-api",
      "dev": "egg-bin dev",
      "debug": "egg-bin debug",
      "test-local": "egg-bin test",
      "test": "npm run lint -- --fix && npm run test-local",
      "cov": "egg-bin cov",
      "tsc": "ets && tsc -p tsconfig.json",
      "ci": "npm run lint && npm run cov && npm run tsc",
      "autod": "autod",
      "lint": "eslint . --ext .ts",
      "clean": "ets clean"
    },
    "dependencies": {
      "egg": "^2.6.1",
      "egg-cors": "^2.2.3",
      "egg-scripts": "^2.6.0"
    },
    "devDependencies": {
      "@types/mocha": "^2.2.40",
      "@types/node": "^7.0.12",
      "@types/supertest": "^2.0.0",
      "autod": "^3.0.1",
      "autod-egg": "^1.1.0",
      "egg-ci": "^1.8.0",
      "egg-bin": "^4.11.0",
      "egg-mock": "^3.16.0",
      "tslib": "^1.9.0",
      "eslint": "^6.7.2",
      "eslint-config-egg": "^8.0.0",
      "typescript": "^3.0.0"
    },
    "engines": {
      "node": ">=8.9.0"
    },
    "ci": {
      "version": "8"
    },
    "repository": {
      "type": "git",
      "url": ""
    },
    "eslintIgnore": [
      "coverage"
    ],
    "author": "",
    "license": "MIT"
  }

yarn manifest: 
  No manifest

Lockfile: 
  No lockfile
